Input Notebook:  1_train_bert.ipynb
Output Notebook: 1_train_bert.ipynb
Executing notebook with kernel: python3
Executing Cell 1---------------------------------------
Ending Cell 1------------------------------------------
Executing Cell 2---------------------------------------
Device: cuda

Ending Cell 2------------------------------------------
Executing Cell 3---------------------------------------
Ending Cell 3------------------------------------------
Executing Cell 4---------------------------------------
[+] helpers ready

Ending Cell 4------------------------------------------
Executing Cell 5---------------------------------------
Ending Cell 5------------------------------------------
Executing Cell 6---------------------------------------
{
  "n_users": 6040,
  "n_items": 3706,
  "n_interactions": 1000209,
  "n_train_remaining": 800193,
  "n_test": 200016,
  "avg_seq_len": 165.6,
  "avg_test_len": 33.12,
  "test_frac": 0.2,
  "max_len": 200
}

Ending Cell 6------------------------------------------
Executing Cell 7---------------------------------------
Ending Cell 7------------------------------------------
Executing Cell 8---------------------------------------
params: 358203

Ending Cell 8------------------------------------------
Executing Cell 9---------------------------------------
Ending Cell 9------------------------------------------
Executing Cell 10--------------------------------------
[34m[1mwandb[0m: [33mWARNING[0m If you're specifying your api key in code, ensure this code is not shared publicly.
[34m[1mwandb[0m: [33mWARNING[0m Consider setting the WANDB_API_KEY environment variable, or running `wandb login` from the command line.

[34m[1mwandb[0m: [wandb.login()] Using explicit session credentials for https://api.wandb.ai.

[34m[1mwandb[0m: Appending key for api.wandb.ai to your netrc file: C:\Users\TanPhat\_netrc

[34m[1mwandb[0m: Currently logged in as: [33mlamgiang[0m ([33mlamgiang-fpt-university[0m) to [32mhttps://api.wandb.ai[0m. Use [1m`wandb login --relogin`[0m to force relogin

[34m[1mwandb[0m: [33mWARNING[0m Using a boolean value for 'reinit' is deprecated. Use 'return_previous' or 'finish_previous' instead.

[34m[1mwandb[0m: setting up run v6r1vq5q

[34m[1mwandb[0m: Tracking run with wandb version 0.25.0

[34m[1mwandb[0m: Run data is saved locally in [35m[1mF:\1_REL\Reinforcement-learning-for-Recommendation\bert_ac_longterm\wandb\run-20260619_212400-v6r1vq5q[0m
[34m[1mwandb[0m: Run [1m`wandb offline`[0m to turn off syncing.

[34m[1mwandb[0m: Syncing run [33mbert-shortterm[0m

[34m[1mwandb[0m:  View project at [34m[4mhttps://wandb.ai/lamgiang-fpt-university/bert4rec-ac-longterm[0m

[34m[1mwandb[0m:  View run at [34m[4mhttps://wandb.ai/lamgiang-fpt-university/bert4rec-ac-longterm/runs/v6r1vq5q[0m

ep 01/80  loss=8.1773 acc=0.05%  VAL NDCG@10=0.0141  <- best

ep 02/80  loss=8.0520 acc=0.18%  VAL NDCG@10=0.0214  <- best

ep 03/80  loss=7.9156 acc=0.16%  VAL NDCG@10=0.0227  <- best

ep 04/80  loss=7.7952 acc=0.15%  VAL NDCG@10=0.0261  <- best

ep 05/80  loss=7.6947 acc=0.16%  VAL NDCG@10=0.0278  <- best

ep 06/80  loss=7.6148 acc=0.21%  VAL NDCG@10=0.0303  <- best

ep 07/80  loss=7.5511 acc=0.42%  VAL NDCG@10=0.0355  <- best

ep 08/80  loss=7.4983 acc=0.57%  VAL NDCG@10=0.0361  <- best

ep 09/80  loss=7.4549 acc=0.60%  VAL NDCG@10=0.0367  <- best

ep 10/80  loss=7.4196 acc=0.65%  VAL NDCG@10=0.0384  <- best

ep 11/80  loss=7.3946 acc=0.65%  VAL NDCG@10=0.0394  <- best

ep 12/80  loss=7.3757 acc=0.66%  VAL NDCG@10=0.0393 (best 0.0394,1/10)

ep 13/80  loss=7.3609 acc=0.68%  VAL NDCG@10=0.0394  <- best

ep 14/80  loss=7.3473 acc=0.68%  VAL NDCG@10=0.0394 (best 0.0394,1/10)

ep 15/80  loss=7.3322 acc=0.69%  VAL NDCG@10=0.0393 (best 0.0394,2/10)

ep 16/80  loss=7.3311 acc=0.67%  VAL NDCG@10=0.0396  <- best

ep 17/80  loss=7.3214 acc=0.69%  VAL NDCG@10=0.0388 (best 0.0396,1/10)

ep 18/80  loss=7.3205 acc=0.66%  VAL NDCG@10=0.0395 (best 0.0396,2/10)

ep 19/80  loss=7.3123 acc=0.67%  VAL NDCG@10=0.0392 (best 0.0396,3/10)

ep 20/80  loss=7.3098 acc=0.67%  VAL NDCG@10=0.0389 (best 0.0396,4/10)

ep 21/80  loss=7.3045 acc=0.68%  VAL NDCG@10=0.0388 (best 0.0396,5/10)

ep 22/80  loss=7.3059 acc=0.68%  VAL NDCG@10=0.0386 (best 0.0396,6/10)

ep 23/80  loss=7.3036 acc=0.67%  VAL NDCG@10=0.0383 (best 0.0396,7/10)

ep 24/80  loss=7.3006 acc=0.68%  VAL NDCG@10=0.0383 (best 0.0396,8/10)

ep 25/80  loss=7.2986 acc=0.69%  VAL NDCG@10=0.0383 (best 0.0396,9/10)

[34m[1mwandb[0m: updating run metadata

ep 26/80  loss=7.2943 acc=0.68%  VAL NDCG@10=0.0379 (best 0.0396,10/10)
EARLY STOP ep 26, best=0.0396

[34m[1mwandb[0m: uploading output.log; uploading wandb-summary.json; uploading config.yaml

[34m[1mwandb[0m: 
[34m[1mwandb[0m: Run history:
[34m[1mwandb[0m:        bert/acc Ō¢üŌ¢éŌ¢éŌ¢éŌ¢éŌ¢āŌ¢ģŌ¢ćŌ¢ćŌ¢łŌ¢ćŌ¢łŌ¢łŌ¢łŌ¢łŌ¢łŌ¢łŌ¢łŌ¢łŌ¢łŌ¢łŌ¢łŌ¢łŌ¢łŌ¢łŌ¢ł
[34m[1mwandb[0m:      bert/epoch Ō¢üŌ¢üŌ¢éŌ¢éŌ¢éŌ¢éŌ¢āŌ¢āŌ¢āŌ¢äŌ¢äŌ¢äŌ¢äŌ¢ģŌ¢ģŌ¢ģŌ¢ģŌ¢åŌ¢åŌ¢åŌ¢ćŌ¢ćŌ¢ćŌ¢ćŌ¢łŌ¢ł
[34m[1mwandb[0m:       bert/loss Ō¢łŌ¢ćŌ¢åŌ¢ģŌ¢äŌ¢äŌ¢āŌ¢āŌ¢éŌ¢éŌ¢éŌ¢éŌ¢éŌ¢üŌ¢üŌ¢üŌ¢üŌ¢üŌ¢üŌ¢üŌ¢üŌ¢üŌ¢üŌ¢üŌ¢üŌ¢ü
[34m[1mwandb[0m: bert/val_ndcg10 Ō¢üŌ¢āŌ¢āŌ¢äŌ¢ģŌ¢ģŌ¢ćŌ¢ćŌ¢ćŌ¢łŌ¢łŌ¢łŌ¢łŌ¢łŌ¢łŌ¢łŌ¢łŌ¢łŌ¢łŌ¢łŌ¢łŌ¢łŌ¢łŌ¢łŌ¢łŌ¢ł
[34m[1mwandb[0m: 
[34m[1mwandb[0m: Run summary:
[34m[1mwandb[0m:        bert/acc 0.68489
[34m[1mwandb[0m:      bert/epoch 26
[34m[1mwandb[0m:       bert/loss 7.29429
[34m[1mwandb[0m: bert/val_ndcg10 0.03786
[34m[1mwandb[0m: 

[34m[1mwandb[0m:  View run [33mbert-shortterm[0m at: [34m[4mhttps://wandb.ai/lamgiang-fpt-university/bert4rec-ac-longterm/runs/v6r1vq5q[0m
[34m[1mwandb[0m:  View project at: [34m[4mhttps://wandb.ai/lamgiang-fpt-university/bert4rec-ac-longterm[0m
[34m[1mwandb[0m: Synced 5 W&B file(s), 0 media file(s), 0 artifact file(s) and 0 other file(s)

[34m[1mwandb[0m: Find logs at: [35m[1m.\wandb\run-20260619_212400-v6r1vq5q\logs[0m

saved bert4rec.pth | best VAL NDCG@10 = 0.0396

Ending Cell 10-----------------------------------------
Executing Cell 11--------------------------------------
Ending Cell 11-----------------------------------------
Executing Cell 12--------------------------------------
<Figure size 1100x400 with 2 Axes>
Ending Cell 12-----------------------------------------
Executing Cell 13--------------------------------------
Ending Cell 13-----------------------------------------
Executing Cell 14--------------------------------------
{
  "DCG@5": 2.7358765769591313,
  "NDCG@5": 0.033440891929497694,
  "Recall@5": 0.011559793502951382,
  "DCG@10": 3.9998243473412214,
  "NDCG@10": 0.036677188071689605,
  "Recall@10": 0.022003764976911925,
  "DCG@20": 6.30178365826356,
  "NDCG@20": 0.04895766477125622,
  "Recall@20": 0.04764017065765571
}

Ending Cell 14-----------------------------------------
NB1=0
Input Notebook:  2_actor_critic.ipynb
Output Notebook: 2_actor_critic.ipynb
Executing notebook with kernel: python3
Executing Cell 1---------------------------------------
Ending Cell 1------------------------------------------
Executing Cell 2---------------------------------------
Device: cuda

Ending Cell 2------------------------------------------
Executing Cell 3---------------------------------------
Ending Cell 3------------------------------------------
Executing Cell 4---------------------------------------
[+] helpers ready

Ending Cell 4------------------------------------------
Executing Cell 5---------------------------------------
Ending Cell 5------------------------------------------
Executing Cell 6---------------------------------------
{
  "n_users": 6040,
  "n_items": 3706,
  "n_interactions": 1000209,
  "n_train_remaining": 800193,
  "n_test": 200016,
  "avg_seq_len": 165.6,
  "avg_test_len": 33.12,
  "test_frac": 0.2,
  "max_len": 200
}
BERT loaded & frozen

C:\Users\TanPhat\AppData\Local\Temp\ipykernel_15856\2234854171.py:7: FutureWarning: You are using `torch.load` with `weights_only=False` (the current default value), which uses the default pickle module implicitly. It is possible to construct malicious pickle data which will execute arbitrary code during unpickling (See https://github.com/pytorch/pytorch/blob/main/SECURITY.md#untrusted-models for more details). In a future release, the default value for `weights_only` will be flipped to `True`. This limits the functions that could be executed during unpickling. Arbitrary objects will no longer be allowed to be loaded via this mode unless they are explicitly allowlisted by the user via `torch.serialization.add_safe_globals`. We recommend you start setting `weights_only=True` for any use case where you don't have full control of the loaded file. Please open an issue on GitHub for any issues related to this experimental feature.
  bert.load_state_dict(torch.load(os.path.join(HERE, "bert4rec.pth"), map_location=DEVICE)); bert.eval()

Ending Cell 6------------------------------------------
Executing Cell 7---------------------------------------
Ending Cell 7------------------------------------------
Executing Cell 8---------------------------------------
[+] Actor-Critic defined

Ending Cell 8------------------------------------------
Executing Cell 9---------------------------------------
Ending Cell 9------------------------------------------
Executing Cell 10--------------------------------------
[34m[1mwandb[0m: [33mWARNING[0m If you're specifying your api key in code, ensure this code is not shared publicly.
[34m[1mwandb[0m: [33mWARNING[0m Consider setting the WANDB_API_KEY environment variable, or running `wandb login` from the command line.

[34m[1mwandb[0m: [wandb.login()] Using explicit session credentials for https://api.wandb.ai.

[34m[1mwandb[0m: Appending key for api.wandb.ai to your netrc file: C:\Users\TanPhat\_netrc

[34m[1mwandb[0m: Currently logged in as: [33mlamgiang[0m ([33mlamgiang-fpt-university[0m) to [32mhttps://api.wandb.ai[0m. Use [1m`wandb login --relogin`[0m to force relogin

[34m[1mwandb[0m: [33mWARNING[0m Using a boolean value for 'reinit' is deprecated. Use 'return_previous' or 'finish_previous' instead.

[34m[1mwandb[0m: setting up run 7aiczs8x

[34m[1mwandb[0m: Tracking run with wandb version 0.25.0

[34m[1mwandb[0m: Run data is saved locally in [35m[1mF:\1_REL\Reinforcement-learning-for-Recommendation\bert_ac_longterm\wandb\run-20260619_212532-7aiczs8x[0m
[34m[1mwandb[0m: Run [1m`wandb offline`[0m to turn off syncing.

[34m[1mwandb[0m: Syncing run [33mactor-critic-longterm[0m

[34m[1mwandb[0m:  View project at [34m[4mhttps://wandb.ai/lamgiang-fpt-university/bert4rec-ac-longterm[0m

[34m[1mwandb[0m:  View run at [34m[4mhttps://wandb.ai/lamgiang-fpt-university/bert4rec-ac-longterm/runs/7aiczs8x[0m

[AC] VAL DCG@10 init(=BERT)=4.0847

[AC] ep 01/30  actor=-8.8609 critic=0.0837 reward=0.0744  VAL DCG@10=4.0846 (best 4.0847,1/8)

[AC] ep 02/30  actor=0.1122 critic=0.0277 reward=0.0788  VAL DCG@10=4.0846 (best 4.0847,2/8)

[AC] ep 03/30  actor=2.2791 critic=0.0281 reward=0.0782  VAL DCG@10=4.0846 (best 4.0847,3/8)

[AC] ep 04/30  actor=0.2045 critic=0.0233 reward=0.0765  VAL DCG@10=4.0846 (best 4.0847,4/8)

[AC] ep 05/30  actor=-0.6328 critic=0.0234 reward=0.0768  VAL DCG@10=4.0846 (best 4.0847,5/8)

[AC] ep 06/30  actor=-0.0342 critic=0.0243 reward=0.0771  VAL DCG@10=4.0847 (best 4.0847,6/8)

[AC] ep 07/30  actor=0.2044 critic=0.0241 reward=0.0787  VAL DCG@10=4.0847 (best 4.0847,7/8)

[34m[1mwandb[0m: updating run metadata

[AC] ep 08/30  actor=-0.0384 critic=0.0235 reward=0.0783  VAL DCG@10=4.0845 (best 4.0847,8/8)
[AC] EARLY STOP ep 8, best=4.0847 (BERT init=4.0847)

[34m[1mwandb[0m: uploading history steps 0-7, summary, console lines 0-9

[34m[1mwandb[0m: 
[34m[1mwandb[0m: Run history:
[34m[1mwandb[0m:   ac/actor_loss Ō¢üŌ¢ćŌ¢łŌ¢ćŌ¢åŌ¢ćŌ¢ćŌ¢ć
[34m[1mwandb[0m:  ac/critic_loss Ō¢łŌ¢éŌ¢éŌ¢üŌ¢üŌ¢üŌ¢üŌ¢ü
[34m[1mwandb[0m:        ac/epoch Ō¢üŌ¢éŌ¢āŌ¢äŌ¢ģŌ¢åŌ¢ćŌ¢ł
[34m[1mwandb[0m: ac/train_reward Ō¢üŌ¢łŌ¢ćŌ¢äŌ¢ģŌ¢ģŌ¢łŌ¢ć
[34m[1mwandb[0m:    ac/val_dcg10 Ō¢äŌ¢äŌ¢äŌ¢äŌ¢äŌ¢łŌ¢łŌ¢ü
[34m[1mwandb[0m: 
[34m[1mwandb[0m: Run summary:
[34m[1mwandb[0m:   ac/actor_loss -0.03842
[34m[1mwandb[0m:  ac/critic_loss 0.02349
[34m[1mwandb[0m:        ac/epoch 8
[34m[1mwandb[0m: ac/train_reward 0.07827
[34m[1mwandb[0m:    ac/val_dcg10 4.0845
[34m[1mwandb[0m: 

[34m[1mwandb[0m:  View run [33mactor-critic-longterm[0m at: [34m[4mhttps://wandb.ai/lamgiang-fpt-university/bert4rec-ac-longterm/runs/7aiczs8x[0m
[34m[1mwandb[0m:  View project at: [34m[4mhttps://wandb.ai/lamgiang-fpt-university/bert4rec-ac-longterm[0m
[34m[1mwandb[0m: Synced 5 W&B file(s), 0 media file(s), 0 artifact file(s) and 0 other file(s)

[34m[1mwandb[0m: Find logs at: [35m[1m.\wandb\run-20260619_212532-7aiczs8x\logs[0m

saved actor_longterm.pth | BERT-init VAL DCG@10 = 4.0847

Ending Cell 10-----------------------------------------
Executing Cell 11--------------------------------------
Ending Cell 11-----------------------------------------
Executing Cell 12--------------------------------------
<Figure size 1500x400 with 3 Axes>
Ending Cell 12-----------------------------------------
Executing Cell 13--------------------------------------
Ending Cell 13-----------------------------------------
Executing Cell 14--------------------------------------
Model                                 DCG@5     DCG@10     DCG@20    NDCG@10  Recall@10
---------------------------------------------------------------------------------------
BERT (short-term)                    2.7359     3.9998     6.3018     0.0367     0.0220
BERT+Actor-Critic (long-term)        2.7359     3.9998     6.3018     0.0367     0.0220

Ending Cell 14-----------------------------------------
NB2=0
