Fri 29 May 2026 17:33:47 INFO  ['test_Bec4Rec_from_RecBole.py']
Fri 29 May 2026 17:33:47 INFO  
General Hyper Parameters:
gpu_id = 0
use_gpu = True
seed = 2020
state = INFO
reproducibility = True
data_path = C:\Users\TanPhat\AppData\Roaming\Python\Python311\site-packages\recbole\config\../dataset_example/ml-100k
checkpoint_dir = saved
show_progress = True
save_dataset = False
dataset_save_path = None
save_dataloaders = False
dataloaders_save_path = None
log_wandb = False

Training Hyper Parameters:
epochs = 200
train_batch_size = 2048
learner = adam
learning_rate = 0.001
train_neg_sample_args = {'distribution': 'none', 'sample_num': 'none', 'alpha': 'none', 'dynamic': False, 'candidate_num': 0}
eval_step = 1
stopping_step = 5
clip_grad_norm = None
weight_decay = 0.0
loss_decimal_place = 4

Evaluation Hyper Parameters:
eval_args = {'split': {'LS': 'valid_and_test'}, 'order': 'TO', 'group_by': 'user', 'mode': {'valid': 'full', 'test': 'full'}}
repeatable = True
metrics = ['Recall', 'MRR', 'NDCG', 'Hit', 'Precision']
topk = [10]
valid_metric = MRR@10
valid_metric_bigger = True
eval_batch_size = 4096
metric_decimal_place = 4

Dataset Hyper Parameters:
field_separator = 	
seq_separator =  
USER_ID_FIELD = user_id
ITEM_ID_FIELD = item_id
RATING_FIELD = rating
TIME_FIELD = timestamp
seq_len = None
LABEL_FIELD = label
threshold = None
NEG_PREFIX = neg_
load_col = {'inter': ['user_id', 'item_id', 'rating', 'timestamp']}
unload_col = None
unused_col = None
additional_feat_suffix = None
rm_dup_inter = None
val_interval = None
filter_inter_by_user_or_item = True
user_inter_num_interval = None
item_inter_num_interval = None
alias_of_user_id = None
alias_of_item_id = None
alias_of_entity_id = None
alias_of_relation_id = None
preload_weight = None
normalize_field = None
normalize_all = True
ITEM_LIST_LENGTH_FIELD = item_length
LIST_SUFFIX = _list
MAX_ITEM_LIST_LENGTH = 50
POSITION_FIELD = position_id
HEAD_ENTITY_ID_FIELD = head_id
TAIL_ENTITY_ID_FIELD = tail_id
RELATION_ID_FIELD = relation_id
ENTITY_ID_FIELD = entity_id
kg_reverse_r = False
entity_kg_num_interval = None
relation_kg_num_interval = None
benchmark_filename = None

Other Hyper Parameters: 
worker = 0
wandb_project = recbole
shuffle = True
require_pow = False
enable_amp = False
enable_scaler = False
transform = mask_itemseq
n_layers = 2
n_heads = 2
hidden_size = 64
inner_size = 256
hidden_dropout_prob = 0.2
attn_dropout_prob = 0.2
hidden_act = gelu
layer_norm_eps = 1e-12
initializer_range = 0.02
mask_ratio = 0.2
loss_type = CE
ft_ratio = 0.5
numerical_features = []
discretization = None
MODEL_TYPE = ModelType.SEQUENTIAL
MODEL_INPUT_TYPE = InputType.POINTWISE
eval_type = EvaluatorType.RANKING
single_spec = True
local_rank = 0
device = cuda
valid_neg_sample_args = {'distribution': 'uniform', 'sample_num': 'none'}
test_neg_sample_args = {'distribution': 'uniform', 'sample_num': 'none'}


Fri 29 May 2026 17:33:48 INFO  ml-100k
The number of users: 944
Average actions of users: 106.04453870625663
The number of items: 1683
Average actions of items: 59.45303210463734
The number of inters: 100000
The sparsity of the dataset: 93.70575143257098%
Remain Fields: ['user_id', 'item_id', 'rating', 'timestamp']
Fri 29 May 2026 17:33:51 INFO  [Training]: train_batch_size = [2048] train_neg_sample_args: [{'distribution': 'none', 'sample_num': 'none', 'alpha': 'none', 'dynamic': False, 'candidate_num': 0}]
Fri 29 May 2026 17:33:51 INFO  [Evaluation]: eval_batch_size = [4096] eval_args: [{'split': {'LS': 'valid_and_test'}, 'order': 'TO', 'group_by': 'user', 'mode': {'valid': 'full', 'test': 'full'}}]
Fri 29 May 2026 17:33:51 INFO  BERT4Rec(
  (item_embedding): Embedding(1684, 64, padding_idx=0)
  (position_embedding): Embedding(50, 64)
  (trm_encoder): TransformerEncoder(
    (layer): ModuleList(
      (0-1): 2 x TransformerLayer(
        (multi_head_attention): MultiHeadAttention(
          (query): Linear(in_features=64, out_features=64, bias=True)
          (key): Linear(in_features=64, out_features=64, bias=True)
          (value): Linear(in_features=64, out_features=64, bias=True)
          (softmax): Softmax(dim=-1)
          (attn_dropout): Dropout(p=0.2, inplace=False)
          (dense): Linear(in_features=64, out_features=64, bias=True)
          (LayerNorm): LayerNorm((64,), eps=1e-12, elementwise_affine=True)
          (out_dropout): Dropout(p=0.2, inplace=False)
        )
        (feed_forward): FeedForward(
          (dense_1): Linear(in_features=64, out_features=256, bias=True)
          (dense_2): Linear(in_features=256, out_features=64, bias=True)
          (LayerNorm): LayerNorm((64,), eps=1e-12, elementwise_affine=True)
          (dropout): Dropout(p=0.2, inplace=False)
        )
      )
    )
  )
  (LayerNorm): LayerNorm((64,), eps=1e-12, elementwise_affine=True)
  (dropout): Dropout(p=0.2, inplace=False)
  (output_ffn): Linear(in_features=64, out_features=64, bias=True)
  (output_gelu): GELU(approximate='none')
  (output_ln): LayerNorm((64,), eps=1e-12, elementwise_affine=True)
)
Trainable parameters: 217043
Fri 29 May 2026 17:33:51 INFO  FLOPs: 5194664.0
Fri 29 May 2026 17:34:08 INFO  epoch 0 training [time: 14.77s, train loss: 331.5548]
Fri 29 May 2026 17:34:08 INFO  epoch 0 evaluating [time: 0.17s, valid_score: 0.010500]
Fri 29 May 2026 17:34:08 INFO  valid result: 
recall@10 : 0.0318    mrr@10 : 0.0105    ndcg@10 : 0.0153    hit@10 : 0.0318    precision@10 : 0.0032
Fri 29 May 2026 17:34:08 INFO  Saving current: saved\BERT4Rec-May-29-2026_17-33-51.pth
Fri 29 May 2026 17:34:21 INFO  epoch 1 training [time: 13.09s, train loss: 320.8179]
Fri 29 May 2026 17:34:21 INFO  epoch 1 evaluating [time: 0.14s, valid_score: 0.014400]
Fri 29 May 2026 17:34:21 INFO  valid result: 
recall@10 : 0.0467    mrr@10 : 0.0144    ndcg@10 : 0.0218    hit@10 : 0.0467    precision@10 : 0.0047
Fri 29 May 2026 17:34:21 INFO  Saving current: saved\BERT4Rec-May-29-2026_17-33-51.pth
Fri 29 May 2026 17:34:35 INFO  epoch 2 training [time: 13.31s, train loss: 308.4786]
Fri 29 May 2026 17:34:35 INFO  epoch 2 evaluating [time: 0.14s, valid_score: 0.020800]
Fri 29 May 2026 17:34:35 INFO  valid result: 
recall@10 : 0.0626    mrr@10 : 0.0208    ndcg@10 : 0.0305    hit@10 : 0.0626    precision@10 : 0.0063
Fri 29 May 2026 17:34:35 INFO  Saving current: saved\BERT4Rec-May-29-2026_17-33-51.pth
Fri 29 May 2026 17:34:49 INFO  epoch 3 training [time: 14.58s, train loss: 296.7452]
Fri 29 May 2026 17:34:49 INFO  epoch 3 evaluating [time: 0.13s, valid_score: 0.022000]
Fri 29 May 2026 17:34:49 INFO  valid result: 
recall@10 : 0.0785    mrr@10 : 0.022    ndcg@10 : 0.0349    hit@10 : 0.0785    precision@10 : 0.0078
Fri 29 May 2026 17:34:49 INFO  Saving current: saved\BERT4Rec-May-29-2026_17-33-51.pth
Fri 29 May 2026 17:35:03 INFO  epoch 4 training [time: 13.79s, train loss: 289.7463]
Fri 29 May 2026 17:35:03 INFO  epoch 4 evaluating [time: 0.16s, valid_score: 0.037000]
Fri 29 May 2026 17:35:03 INFO  valid result: 
recall@10 : 0.1092    mrr@10 : 0.037    ndcg@10 : 0.0537    hit@10 : 0.1092    precision@10 : 0.0109
Fri 29 May 2026 17:35:03 INFO  Saving current: saved\BERT4Rec-May-29-2026_17-33-51.pth
Fri 29 May 2026 17:35:17 INFO  epoch 5 training [time: 13.59s, train loss: 285.4837]
Fri 29 May 2026 17:35:17 INFO  epoch 5 evaluating [time: 0.15s, valid_score: 0.028300]
Fri 29 May 2026 17:35:17 INFO  valid result: 
recall@10 : 0.0997    mrr@10 : 0.0283    ndcg@10 : 0.0447    hit@10 : 0.0997    precision@10 : 0.01
Fri 29 May 2026 17:35:32 INFO  epoch 6 training [time: 15.18s, train loss: 282.7287]
Fri 29 May 2026 17:35:32 INFO  epoch 6 evaluating [time: 0.16s, valid_score: 0.039900]
Fri 29 May 2026 17:35:32 INFO  valid result: 
recall@10 : 0.1273    mrr@10 : 0.0399    ndcg@10 : 0.0597    hit@10 : 0.1273    precision@10 : 0.0127
Fri 29 May 2026 17:35:32 INFO  Saving current: saved\BERT4Rec-May-29-2026_17-33-51.pth
Fri 29 May 2026 17:35:47 INFO  epoch 7 training [time: 14.83s, train loss: 280.2314]
Fri 29 May 2026 17:35:47 INFO  epoch 7 evaluating [time: 0.15s, valid_score: 0.038900]
Fri 29 May 2026 17:35:47 INFO  valid result: 
recall@10 : 0.1262    mrr@10 : 0.0389    ndcg@10 : 0.0588    hit@10 : 0.1262    precision@10 : 0.0126
Fri 29 May 2026 17:36:02 INFO  epoch 8 training [time: 14.38s, train loss: 278.4172]
Fri 29 May 2026 17:36:02 INFO  epoch 8 evaluating [time: 0.15s, valid_score: 0.040700]
Fri 29 May 2026 17:36:02 INFO  valid result: 
recall@10 : 0.122    mrr@10 : 0.0407    ndcg@10 : 0.0594    hit@10 : 0.122    precision@10 : 0.0122
Fri 29 May 2026 17:36:02 INFO  Saving current: saved\BERT4Rec-May-29-2026_17-33-51.pth
Fri 29 May 2026 17:36:15 INFO  epoch 9 training [time: 13.41s, train loss: 276.9895]
Fri 29 May 2026 17:36:16 INFO  epoch 9 evaluating [time: 0.13s, valid_score: 0.037300]
Fri 29 May 2026 17:36:16 INFO  valid result: 
recall@10 : 0.123    mrr@10 : 0.0373    ndcg@10 : 0.0569    hit@10 : 0.123    precision@10 : 0.0123
Fri 29 May 2026 17:36:29 INFO  epoch 10 training [time: 13.27s, train loss: 275.6105]
Fri 29 May 2026 17:36:29 INFO  epoch 10 evaluating [time: 0.13s, valid_score: 0.039800]
Fri 29 May 2026 17:36:29 INFO  valid result: 
recall@10 : 0.1156    mrr@10 : 0.0398    ndcg@10 : 0.0572    hit@10 : 0.1156    precision@10 : 0.0116
Fri 29 May 2026 17:36:42 INFO  epoch 11 training [time: 12.59s, train loss: 275.2828]
Fri 29 May 2026 17:36:42 INFO  epoch 11 evaluating [time: 0.13s, valid_score: 0.040500]
Fri 29 May 2026 17:36:42 INFO  valid result: 
recall@10 : 0.1315    mrr@10 : 0.0405    ndcg@10 : 0.0614    hit@10 : 0.1315    precision@10 : 0.0131
Fri 29 May 2026 17:36:54 INFO  epoch 12 training [time: 12.73s, train loss: 274.0036]
Fri 29 May 2026 17:36:55 INFO  epoch 12 evaluating [time: 0.11s, valid_score: 0.041000]
Fri 29 May 2026 17:36:55 INFO  valid result: 
recall@10 : 0.1209    mrr@10 : 0.041    ndcg@10 : 0.0592    hit@10 : 0.1209    precision@10 : 0.0121
Fri 29 May 2026 17:36:55 INFO  Saving current: saved\BERT4Rec-May-29-2026_17-33-51.pth
Fri 29 May 2026 17:37:07 INFO  epoch 13 training [time: 12.44s, train loss: 273.1069]
Fri 29 May 2026 17:37:07 INFO  epoch 13 evaluating [time: 0.13s, valid_score: 0.040000]
Fri 29 May 2026 17:37:07 INFO  valid result: 
recall@10 : 0.1241    mrr@10 : 0.04    ndcg@10 : 0.0593    hit@10 : 0.1241    precision@10 : 0.0124
Fri 29 May 2026 17:37:19 INFO  epoch 14 training [time: 11.97s, train loss: 272.4221]
Fri 29 May 2026 17:37:19 INFO  epoch 14 evaluating [time: 0.10s, valid_score: 0.041600]
Fri 29 May 2026 17:37:19 INFO  valid result: 
recall@10 : 0.1251    mrr@10 : 0.0416    ndcg@10 : 0.0605    hit@10 : 0.1251    precision@10 : 0.0125
Fri 29 May 2026 17:37:19 INFO  Saving current: saved\BERT4Rec-May-29-2026_17-33-51.pth
Fri 29 May 2026 17:37:31 INFO  epoch 15 training [time: 11.48s, train loss: 272.0826]
Fri 29 May 2026 17:37:31 INFO  epoch 15 evaluating [time: 0.11s, valid_score: 0.038000]
Fri 29 May 2026 17:37:31 INFO  valid result: 
recall@10 : 0.1209    mrr@10 : 0.038    ndcg@10 : 0.057    hit@10 : 0.1209    precision@10 : 0.0121
Fri 29 May 2026 17:37:43 INFO  epoch 16 training [time: 12.05s, train loss: 271.0761]
Fri 29 May 2026 17:37:43 INFO  epoch 16 evaluating [time: 0.12s, valid_score: 0.034500]
Fri 29 May 2026 17:37:43 INFO  valid result: 
recall@10 : 0.1124    mrr@10 : 0.0345    ndcg@10 : 0.0523    hit@10 : 0.1124    precision@10 : 0.0112
Fri 29 May 2026 17:37:55 INFO  epoch 17 training [time: 12.15s, train loss: 271.3167]
Fri 29 May 2026 17:37:55 INFO  epoch 17 evaluating [time: 0.12s, valid_score: 0.038900]
Fri 29 May 2026 17:37:55 INFO  valid result: 
recall@10 : 0.1283    mrr@10 : 0.0389    ndcg@10 : 0.0593    hit@10 : 0.1283    precision@10 : 0.0128
Fri 29 May 2026 17:38:08 INFO  epoch 18 training [time: 12.79s, train loss: 270.4305]
Fri 29 May 2026 17:38:08 INFO  epoch 18 evaluating [time: 0.11s, valid_score: 0.042800]
Fri 29 May 2026 17:38:08 INFO  valid result: 
recall@10 : 0.1379    mrr@10 : 0.0428    ndcg@10 : 0.0645    hit@10 : 0.1379    precision@10 : 0.0138
Fri 29 May 2026 17:38:08 INFO  Saving current: saved\BERT4Rec-May-29-2026_17-33-51.pth
Fri 29 May 2026 17:38:20 INFO  epoch 19 training [time: 12.15s, train loss: 270.1336]
Fri 29 May 2026 17:38:20 INFO  epoch 19 evaluating [time: 0.11s, valid_score: 0.039600]
Fri 29 May 2026 17:38:20 INFO  valid result: 
recall@10 : 0.1273    mrr@10 : 0.0396    ndcg@10 : 0.0596    hit@10 : 0.1273    precision@10 : 0.0127
Fri 29 May 2026 17:38:33 INFO  epoch 20 training [time: 12.30s, train loss: 269.1812]
Fri 29 May 2026 17:38:33 INFO  epoch 20 evaluating [time: 0.12s, valid_score: 0.042900]
Fri 29 May 2026 17:38:33 INFO  valid result: 
recall@10 : 0.1283    mrr@10 : 0.0429    ndcg@10 : 0.0624    hit@10 : 0.1283    precision@10 : 0.0128
Fri 29 May 2026 17:38:33 INFO  Saving current: saved\BERT4Rec-May-29-2026_17-33-51.pth
Fri 29 May 2026 17:38:45 INFO  epoch 21 training [time: 11.64s, train loss: 269.2081]
Fri 29 May 2026 17:38:45 INFO  epoch 21 evaluating [time: 0.11s, valid_score: 0.041900]
Fri 29 May 2026 17:38:45 INFO  valid result: 
recall@10 : 0.1304    mrr@10 : 0.0419    ndcg@10 : 0.0621    hit@10 : 0.1304    precision@10 : 0.013
Fri 29 May 2026 17:38:57 INFO  epoch 22 training [time: 11.94s, train loss: 268.5132]
Fri 29 May 2026 17:38:57 INFO  epoch 22 evaluating [time: 0.36s, valid_score: 0.040400]
Fri 29 May 2026 17:38:57 INFO  valid result: 
recall@10 : 0.1326    mrr@10 : 0.0404    ndcg@10 : 0.0614    hit@10 : 0.1326    precision@10 : 0.0133
Fri 29 May 2026 17:39:09 INFO  epoch 23 training [time: 12.27s, train loss: 267.9165]
Fri 29 May 2026 17:39:09 INFO  epoch 23 evaluating [time: 0.11s, valid_score: 0.039200]
Fri 29 May 2026 17:39:09 INFO  valid result: 
recall@10 : 0.1262    mrr@10 : 0.0392    ndcg@10 : 0.059    hit@10 : 0.1262    precision@10 : 0.0126
Fri 29 May 2026 17:39:21 INFO  epoch 24 training [time: 11.92s, train loss: 267.3324]
Fri 29 May 2026 17:39:21 INFO  epoch 24 evaluating [time: 0.11s, valid_score: 0.044900]
Fri 29 May 2026 17:39:21 INFO  valid result: 
recall@10 : 0.14    mrr@10 : 0.0449    ndcg@10 : 0.0666    hit@10 : 0.14    precision@10 : 0.014
Fri 29 May 2026 17:39:21 INFO  Saving current: saved\BERT4Rec-May-29-2026_17-33-51.pth
Fri 29 May 2026 17:39:33 INFO  epoch 25 training [time: 11.74s, train loss: 266.8908]
Fri 29 May 2026 17:39:33 INFO  epoch 25 evaluating [time: 0.12s, valid_score: 0.042900]
Fri 29 May 2026 17:39:33 INFO  valid result: 
recall@10 : 0.1421    mrr@10 : 0.0429    ndcg@10 : 0.0655    hit@10 : 0.1421    precision@10 : 0.0142
Fri 29 May 2026 17:39:46 INFO  epoch 26 training [time: 12.30s, train loss: 266.7074]
Fri 29 May 2026 17:39:46 INFO  epoch 26 evaluating [time: 0.12s, valid_score: 0.039700]
Fri 29 May 2026 17:39:46 INFO  valid result: 
recall@10 : 0.1357    mrr@10 : 0.0397    ndcg@10 : 0.0616    hit@10 : 0.1357    precision@10 : 0.0136
Fri 29 May 2026 17:39:58 INFO  epoch 27 training [time: 12.37s, train loss: 265.8528]
Fri 29 May 2026 17:39:58 INFO  epoch 27 evaluating [time: 0.12s, valid_score: 0.046000]
Fri 29 May 2026 17:39:58 INFO  valid result: 
recall@10 : 0.14    mrr@10 : 0.046    ndcg@10 : 0.0675    hit@10 : 0.14    precision@10 : 0.014
Fri 29 May 2026 17:39:58 INFO  Saving current: saved\BERT4Rec-May-29-2026_17-33-51.pth
Fri 29 May 2026 17:40:10 INFO  epoch 28 training [time: 12.00s, train loss: 265.5723]
Fri 29 May 2026 17:40:10 INFO  epoch 28 evaluating [time: 0.11s, valid_score: 0.040400]
Fri 29 May 2026 17:40:10 INFO  valid result: 
recall@10 : 0.1326    mrr@10 : 0.0404    ndcg@10 : 0.0614    hit@10 : 0.1326    precision@10 : 0.0133
Fri 29 May 2026 17:40:22 INFO  epoch 29 training [time: 11.97s, train loss: 265.3159]
Fri 29 May 2026 17:40:22 INFO  epoch 29 evaluating [time: 0.11s, valid_score: 0.045300]
Fri 29 May 2026 17:40:22 INFO  valid result: 
recall@10 : 0.1442    mrr@10 : 0.0453    ndcg@10 : 0.0677    hit@10 : 0.1442    precision@10 : 0.0144
Fri 29 May 2026 17:40:35 INFO  epoch 30 training [time: 12.11s, train loss: 264.9373]
Fri 29 May 2026 17:40:35 INFO  epoch 30 evaluating [time: 0.12s, valid_score: 0.043600]
Fri 29 May 2026 17:40:35 INFO  valid result: 
recall@10 : 0.1368    mrr@10 : 0.0436    ndcg@10 : 0.0649    hit@10 : 0.1368    precision@10 : 0.0137
Fri 29 May 2026 17:40:47 INFO  epoch 31 training [time: 12.03s, train loss: 264.5100]
Fri 29 May 2026 17:40:47 INFO  epoch 31 evaluating [time: 0.12s, valid_score: 0.044900]
Fri 29 May 2026 17:40:47 INFO  valid result: 
recall@10 : 0.1283    mrr@10 : 0.0449    ndcg@10 : 0.064    hit@10 : 0.1283    precision@10 : 0.0128
Fri 29 May 2026 17:40:59 INFO  epoch 32 training [time: 11.81s, train loss: 264.2418]
Fri 29 May 2026 17:40:59 INFO  epoch 32 evaluating [time: 0.10s, valid_score: 0.045600]
Fri 29 May 2026 17:40:59 INFO  valid result: 
recall@10 : 0.1357    mrr@10 : 0.0456    ndcg@10 : 0.0664    hit@10 : 0.1357    precision@10 : 0.0136
Fri 29 May 2026 17:41:10 INFO  epoch 33 training [time: 11.76s, train loss: 263.9720]
Fri 29 May 2026 17:41:11 INFO  epoch 33 evaluating [time: 0.11s, valid_score: 0.040200]
Fri 29 May 2026 17:41:11 INFO  valid result: 
recall@10 : 0.1273    mrr@10 : 0.0402    ndcg@10 : 0.0602    hit@10 : 0.1273    precision@10 : 0.0127
Fri 29 May 2026 17:41:11 INFO  Finished training, best eval result in epoch 27
Fri 29 May 2026 17:41:11 INFO  Loading model structure and parameters from saved\BERT4Rec-May-29-2026_17-33-51.pth
Fri 29 May 2026 17:41:12 INFO  The running environment of this training is as follows:
+-------------+----------------+
| Environment |     Usage      |
+=============+================+
| CPU         |    27.70 %     |
+-------------+----------------+
| GPU         | 2.11 G/12.00 G |
+-------------+----------------+
| Memory      | 1.62 G/31.93 G |
+-------------+----------------+
Fri 29 May 2026 17:41:12 INFO  best valid : OrderedDict([('recall@10', 0.14), ('mrr@10', 0.046), ('ndcg@10', 0.0675), ('hit@10', 0.14), ('precision@10', 0.014)])
Fri 29 May 2026 17:41:12 INFO  test result: OrderedDict([('recall@10', 0.1294), ('mrr@10', 0.0395), ('ndcg@10', 0.06), ('hit@10', 0.1294), ('precision@10', 0.0129)])
